{
  "stats": {
    "suites": 1,
    "tests": 1,
    "passes": 0,
    "pending": 0,
    "failures": 1,
    "start": "2025-06-18T19:25:44.412Z",
    "end": "2025-06-18T19:26:01.893Z",
    "duration": 17481,
    "testsRegistered": 4,
    "passPercent": 0,
    "pendingPercent": 0,
    "other": 0,
    "hasOther": false,
    "skipped": 3,
    "hasSkipped": true
  },
  "results": [
    {
      "uuid": "aeb1cc3f-5c07-44c8-9a22-5287a5e1878c",
      "title": "",
      "fullFile": "cypress\\qualifiedcrew\\firsproject\\testcreateproject.js",
      "file": "cypress\\qualifiedcrew\\firsproject\\testcreateproject.js",
      "beforeHooks": [],
      "afterHooks": [],
      "tests": [],
      "suites": [
        {
          "uuid": "62987d10-483a-40df-8ad0-1602087e7697",
          "title": "User Recruiter and Create Project Tests",
          "fullFile": "",
          "file": "",
          "beforeHooks": [],
          "afterHooks": [],
          "tests": [
            {
              "title": "Should show validation messages when all required fields are empty",
              "fullTitle": "User Recruiter and Create Project Tests Should show validation messages when all required fields are empty",
              "timedOut": null,
              "duration": 15117,
              "state": "failed",
              "speed": null,
              "pass": false,
              "fail": true,
              "pending": false,
              "context": null,
              "code": "cy.get('button#\\\\:rco\\\\:').click();\ncy.contains(\"Name is required\").should(\"be.visible\");\ncy.contains(\"Company is required\").should(\"be.visible\");\ncy.contains(\"Start date is required\").should(\"be.visible\");\ncy.contains(\"End date is required\").should(\"be.visible\");\ncy.contains(\"Description is required\").should(\"be.visible\");",
              "err": {
                "message": "AssertionError: Timed out retrying after 4000ms: Expected to find content: 'Projects' within the selector: 'span' but never did.\n\nBecause this error occurred during a `before all` hook we are skipping the remaining tests in the current suite: `User Recruiter and Create P...`",
                "estack": "AssertionError: Timed out retrying after 4000ms: Expected to find content: 'Projects' within the selector: 'span' but never did.\n\nBecause this error occurred during a `before all` hook we are skipping the remaining tests in the current suite: `User Recruiter and Create P...`\n    at Context.eval (webpack://rowiedaqc/./cypress/qualifiedcrew/firsproject/testcreateproject.js:17:7)",
                "diff": null
              },
              "uuid": "7e355684-e091-420e-9d33-9b30a8f4853f",
              "parentUUID": "62987d10-483a-40df-8ad0-1602087e7697",
              "isHook": false,
              "skipped": false
            },
            {
              "title": "Should show validation message for only the Name field when left empty",
              "fullTitle": "User Recruiter and Create Project Tests Should show validation message for only the Name field when left empty",
              "timedOut": null,
              "duration": 0,
              "state": "skipped",
              "speed": null,
              "pass": false,
              "fail": false,
              "pending": false,
              "context": null,
              "code": "cy.get('.MuiAutocomplete-popupIndicator').eq(0).click();\ncy.get('ul[role=\"listbox\"]').should('be.visible');\ncy.get('ul[role=\"listbox\"] li').contains('TechNova Solutions').click();\ncy.get('[data-testid=\"CalendarIcon\"]').eq(0).click();\ncy.get('button[aria-label=\"Next month\"]').click();\ncy.contains('button', '23').click({\n  force: true\n});\ncy.get('[data-testid=\"CalendarIcon\"]').eq(1).click();\nfor (let i = 0; i < 6; i++) {\n  cy.get('button[aria-label=\"Next month\"]').first().click();\n  cy.wait(500);\n}\ncy.contains('button', '25').click({\n  force: true\n});\n// وصف المشروع\ncy.get('[data-placeholder=\"Project description\"]').type(\"This is a test project description.\");\n// اضغط إنشاء بدون كتابة الاسم\ncy.get('button#\\\\:rco\\\\:').click();\n// تأكد ظهور رسالة الخطأ للاسم فقط\ncy.contains(\"Name is required\").should(\"be.visible\");",
              "err": {},
              "uuid": "0f6ffd59-999b-4d19-ac91-39c12ed17074",
              "parentUUID": "62987d10-483a-40df-8ad0-1602087e7697",
              "isHook": false,
              "skipped": true
            },
            {
              "title": "Should successfully create project when all fields are valid",
              "fullTitle": "User Recruiter and Create Project Tests Should successfully create project when all fields are valid",
              "timedOut": null,
              "duration": 0,
              "state": "skipped",
              "speed": null,
              "pass": false,
              "fail": false,
              "pending": false,
              "context": null,
              "code": "cy.get('input[name=\"name\"]').type('Project Management System');\n// اختر الشركة\ncy.get('.MuiAutocomplete-popupIndicator').eq(0).click();\ncy.get('ul[role=\"listbox\"]').should('be.visible');\ncy.get('ul[role=\"listbox\"] li').contains('TechNova Solutions').click();\n// أدخل تواريخ البداية والنهاية\ncy.get('[data-testid=\"CalendarIcon\"]').eq(0).click();\ncy.get('button[aria-label=\"Next month\"]').click();\ncy.contains('button', '23').click({\n  force: true\n});\ncy.get('[data-testid=\"CalendarIcon\"]').eq(1).click();\nfor (let i = 0; i < 6; i++) {\n  cy.get('button[aria-label=\"Next month\"]').first().click();\n  cy.wait(500);\n}\ncy.contains('button', '25').click({\n  force: true\n});\n// وصف المشروع\ncy.get('[data-placeholder=\"Project description\"]').type('CodeCrafters Inc is launching an advanced internal project management system tailored for IT teams.');\n// اضغط زر الإنشاء\ncy.get('button#\\\\:rco\\\\:').then($btn => {\n  $btn[0].click();\n});\n// تأكد من التوجيه لصفحة المشاريع (URL أو رسالة نجاح)\ncy.url().should('include', '/dashboard/projects');\ncy.contains(\"Project created successfully\").should('be.visible').or(() => {\n  // ممكن الموقع ما يعرض رسالة لكن ينقل للصفحة بنجاح\n  cy.url().should('include', '/dashboard/projects');\n});",
              "err": {},
              "uuid": "2ba0f943-f1d6-4cba-a514-9feb9a1406f0",
              "parentUUID": "62987d10-483a-40df-8ad0-1602087e7697",
              "isHook": false,
              "skipped": true
            },
            {
              "title": "Cancel button should redirect back to Projects list",
              "fullTitle": "User Recruiter and Create Project Tests Cancel button should redirect back to Projects list",
              "timedOut": null,
              "duration": 0,
              "state": "skipped",
              "speed": null,
              "pass": false,
              "fail": false,
              "pending": false,
              "context": null,
              "code": "cy.contains(\"Cancel\").click();\ncy.url().should(\"include\", \"/dashboard/projects\");",
              "err": {},
              "uuid": "97fd7bf9-a057-42ec-9e90-f03f29089add",
              "parentUUID": "62987d10-483a-40df-8ad0-1602087e7697",
              "isHook": false,
              "skipped": true
            }
          ],
          "suites": [],
          "passes": [],
          "failures": [
            "7e355684-e091-420e-9d33-9b30a8f4853f"
          ],
          "pending": [],
          "skipped": [
            "0f6ffd59-999b-4d19-ac91-39c12ed17074",
            "2ba0f943-f1d6-4cba-a514-9feb9a1406f0",
            "97fd7bf9-a057-42ec-9e90-f03f29089add"
          ],
          "duration": 15117,
          "root": false,
          "rootEmpty": false,
          "_timeout": 2000
        }
      ],
      "passes": [],
      "failures": [],
      "pending": [],
      "skipped": [],
      "duration": 0,
      "root": true,
      "rootEmpty": true,
      "_timeout": 2000
    }
  ],
  "meta": {
    "mocha": {
      "version": "7.2.0"
    },
    "mochawesome": {
      "options": {
        "quiet": false,
        "reportFilename": "mochawesome",
        "saveHtml": true,
        "saveJson": true,
        "consoleReporter": "spec",
        "useInlineDiffs": false,
        "code": true
      },
      "version": "7.1.3"
    },
    "marge": {
      "options": {
        "reportDir": "C:/Users/lenovo/OneDrive/Desktop/New folder (2)/report",
        "overwrite": true,
        "html": true,
        "json": true
      },
      "version": "6.2.0"
    }
  }
}