{
  "stats": {
    "suites": 1,
    "tests": 1,
    "passes": 0,
    "pending": 0,
    "failures": 1,
    "start": "2025-06-11T22:46:37.856Z",
    "end": "2025-06-11T22:47:01.002Z",
    "duration": 23146,
    "testsRegistered": 1,
    "passPercent": 0,
    "pendingPercent": 0,
    "other": 0,
    "hasOther": false,
    "skipped": 0,
    "hasSkipped": false
  },
  "results": [
    {
      "uuid": "c75f3fe5-2b82-4aa6-97b2-e2d14ebfa6b1",
      "title": "",
      "fullFile": "cypress\\qualifiedcrew\\firsproject\\SRED.js",
      "file": "cypress\\qualifiedcrew\\firsproject\\SRED.js",
      "beforeHooks": [],
      "afterHooks": [],
      "tests": [],
      "suites": [
        {
          "uuid": "ad26b177-f64c-432b-97f8-85e4f93f9458",
          "title": "Automated Recruiter SignUp with Slack Notification",
          "fullFile": "",
          "file": "",
          "beforeHooks": [],
          "afterHooks": [],
          "tests": [
            {
              "title": "Sign Up as Recruiter and Notify Slack",
              "fullTitle": "Automated Recruiter SignUp with Slack Notification Sign Up as Recruiter and Notify Slack",
              "timedOut": null,
              "duration": 19988,
              "state": "failed",
              "speed": null,
              "pass": false,
              "fail": true,
              "pending": false,
              "context": null,
              "code": "cy.visit('https://www.qualifiedcrew.com/register/account-type');\n// Step 1: Choose recruiter account type\ncy.get('.css-grry9j:nth-child(2) .css-h1jf7p').click();\n// Step 2: Fill the registration form\ncy.get('input[name=\"name\"]').type(fullName, {\n  delay: 50\n});\ncy.get('input[name=\"email\"]').type(email, {\n  delay: 50\n});\ncy.get('input[name=\"password\"]').type(password, {\n  delay: 50\n});\ncy.get('input[name=\"policy\"]').click();\ncy.get('button[type=\"submit\"]').click();\n// Step 3: Wait for navigation or failure\ncy.wait(6000);\n// Step 4: Check if signup success by checking URL\ncy.url().then(url => {\n  const now = new Date().toLocaleString();\n  if (url.includes('/dashboard')) {\n    sendSlackMessage(`✅ Recruiter Sign Up SUCCESS for ${email} at ${now}`);\n  } else {\n    sendSlackMessage(`❌ Recruiter Sign Up FAILED for ${email} at ${now}`);\n    throw new Error('Recruiter Sign Up failed – not redirected to dashboard');\n  }\n});",
              "err": {
                "message": "Error: Recruiter Sign Up failed – not redirected to dashboard",
                "estack": "Error: Recruiter Sign Up failed – not redirected to dashboard\n    at Context.eval (webpack://rowiedaqc/./cypress/qualifiedcrew/firsproject/SRED.js:179:14)\n    at getRet (https://www.qualifiedcrew.com/__cypress/runner/cypress_runner.js:119616:20)\n    at tryCatcher (https://www.qualifiedcrew.com/__cypress/runner/cypress_runner.js:1777:23)\n    at Promise.attempt.Promise.try (https://www.qualifiedcrew.com/__cypress/runner/cypress_runner.js:4285:29)\n    at Context.thenFn (https://www.qualifiedcrew.com/__cypress/runner/cypress_runner.js:119627:66)\n    at Context.then (https://www.qualifiedcrew.com/__cypress/runner/cypress_runner.js:119878:21)\n    at wrapped (https://www.qualifiedcrew.com/__cypress/runner/cypress_runner.js:140155:19)\n    at <unknown> (https://www.qualifiedcrew.com/__cypress/runner/cypress_runner.js:146100:15)\n    at tryCatcher (https://www.qualifiedcrew.com/__cypress/runner/cypress_runner.js:1777:23)",
                "diff": null
              },
              "uuid": "439d99ce-396b-45fb-93f3-a915b34145a7",
              "parentUUID": "ad26b177-f64c-432b-97f8-85e4f93f9458",
              "isHook": false,
              "skipped": false
            }
          ],
          "suites": [],
          "passes": [],
          "failures": [
            "439d99ce-396b-45fb-93f3-a915b34145a7"
          ],
          "pending": [],
          "skipped": [],
          "duration": 19988,
          "root": false,
          "rootEmpty": false,
          "_timeout": 2000
        }
      ],
      "passes": [],
      "failures": [],
      "pending": [],
      "skipped": [],
      "duration": 0,
      "root": true,
      "rootEmpty": true,
      "_timeout": 2000
    }
  ],
  "meta": {
    "mocha": {
      "version": "7.2.0"
    },
    "mochawesome": {
      "options": {
        "quiet": false,
        "reportFilename": "mochawesome",
        "saveHtml": true,
        "saveJson": true,
        "consoleReporter": "spec",
        "useInlineDiffs": false,
        "code": true
      },
      "version": "7.1.3"
    },
    "marge": {
      "options": {
        "reportDir": "C:/Users/lenovo/OneDrive/Desktop/New folder (2)/report",
        "overwrite": true,
        "html": true,
        "json": true
      },
      "version": "6.2.0"
    }
  }
}