{
  "stats": {
    "suites": 1,
    "tests": 1,
    "passes": 0,
    "pending": 0,
    "failures": 1,
    "start": "2025-06-11T19:30:51.305Z",
    "end": "2025-06-11T19:31:09.040Z",
    "duration": 17735,
    "testsRegistered": 4,
    "passPercent": 0,
    "pendingPercent": 0,
    "other": 0,
    "hasOther": false,
    "skipped": 3,
    "hasSkipped": true
  },
  "results": [
    {
      "uuid": "b86b5818-d870-4775-b1aa-768375bd2b1a",
      "title": "",
      "fullFile": "cypress\\qualifiedcrew\\firsproject\\testcreateproject.js",
      "file": "cypress\\qualifiedcrew\\firsproject\\testcreateproject.js",
      "beforeHooks": [],
      "afterHooks": [],
      "tests": [],
      "suites": [
        {
          "uuid": "c6f78497-26b3-43f1-9f7a-2aecd66fbfca",
          "title": "User Recruiter and Create Project Tests",
          "fullFile": "",
          "file": "",
          "beforeHooks": [],
          "afterHooks": [],
          "tests": [
            {
              "title": "Should show validation messages when all required fields are empty",
              "fullTitle": "User Recruiter and Create Project Tests Should show validation messages when all required fields are empty",
              "timedOut": null,
              "duration": 15842,
              "state": "failed",
              "speed": null,
              "pass": false,
              "fail": true,
              "pending": false,
              "context": null,
              "code": "cy.get('button#\\\\:rco\\\\:').click();\ncy.contains(\"Name is required\").should(\"be.visible\");\ncy.contains(\"Company is required\").should(\"be.visible\");\ncy.contains(\"Start date is required\").should(\"be.visible\");\ncy.contains(\"End date is required\").should(\"be.visible\");\ncy.contains(\"Description is required\").should(\"be.visible\");",
              "err": {
                "message": "AssertionError: Timed out retrying after 4000ms: Expected to find content: 'Projects' within the selector: 'span' but never did.\n\nBecause this error occurred during a `before all` hook we are skipping the remaining tests in the current suite: `User Recruiter and Create P...`",
                "estack": "AssertionError: Timed out retrying after 4000ms: Expected to find content: 'Projects' within the selector: 'span' but never did.\n\nBecause this error occurred during a `before all` hook we are skipping the remaining tests in the current suite: `User Recruiter and Create P...`\n    at Context.eval (webpack://rowiedaqc/./cypress/qualifiedcrew/firsproject/testcreateproject.js:17:7)",
                "diff": null
              },
              "uuid": "7725b734-f5ee-444b-81d6-3098ba2073f9",
              "parentUUID": "c6f78497-26b3-43f1-9f7a-2aecd66fbfca",
              "isHook": false,
              "skipped": false
            },
            {
              "title": "Should show validation message for only the Name field when left empty",
              "fullTitle": "User Recruiter and Create Project Tests Should show validation message for only the Name field when left empty",
              "timedOut": null,
              "duration": 0,
              "state": "skipped",
              "speed": null,
              "pass": false,
              "fail": false,
              "pending": false,
              "context": null,
              "code": "cy.get('.MuiAutocomplete-popupIndicator').eq(0).click();\ncy.get('ul[role=\"listbox\"]').should('be.visible');\ncy.get('ul[role=\"listbox\"] li').contains('TechNova Solutions').click();\ncy.get('[data-testid=\"CalendarIcon\"]').eq(0).click();\ncy.get('button[aria-label=\"Next month\"]').click();\ncy.contains('button', '23').click({\n  force: true\n});\ncy.get('[data-testid=\"CalendarIcon\"]').eq(1).click();\nfor (let i = 0; i < 6; i++) {\n  cy.get('button[aria-label=\"Next month\"]').first().click();\n  cy.wait(500);\n}\ncy.contains('button', '25').click({\n  force: true\n});\n// وصف المشروع\ncy.get('[data-placeholder=\"Project description\"]').type(\"This is a test project description.\");\n// اضغط إنشاء بدون كتابة الاسم\ncy.get('button#\\\\:rco\\\\:').click();\n// تأكد ظهور رسالة الخطأ للاسم فقط\ncy.contains(\"Name is required\").should(\"be.visible\");",
              "err": {},
              "uuid": "4d849ebc-2861-44a4-93e4-5fadc8741618",
              "parentUUID": "c6f78497-26b3-43f1-9f7a-2aecd66fbfca",
              "isHook": false,
              "skipped": true
            },
            {
              "title": "Should successfully create project when all fields are valid",
              "fullTitle": "User Recruiter and Create Project Tests Should successfully create project when all fields are valid",
              "timedOut": null,
              "duration": 0,
              "state": "skipped",
              "speed": null,
              "pass": false,
              "fail": false,
              "pending": false,
              "context": null,
              "code": "cy.get('input[name=\"name\"]').type('Project Management System');\n// اختر الشركة\ncy.get('.MuiAutocomplete-popupIndicator').eq(0).click();\ncy.get('ul[role=\"listbox\"]').should('be.visible');\ncy.get('ul[role=\"listbox\"] li').contains('TechNova Solutions').click();\n// أدخل تواريخ البداية والنهاية\ncy.get('[data-testid=\"CalendarIcon\"]').eq(0).click();\ncy.get('button[aria-label=\"Next month\"]').click();\ncy.contains('button', '23').click({\n  force: true\n});\ncy.get('[data-testid=\"CalendarIcon\"]').eq(1).click();\nfor (let i = 0; i < 6; i++) {\n  cy.get('button[aria-label=\"Next month\"]').first().click();\n  cy.wait(500);\n}\ncy.contains('button', '25').click({\n  force: true\n});\n// وصف المشروع\ncy.get('[data-placeholder=\"Project description\"]').type('CodeCrafters Inc is launching an advanced internal project management system tailored for IT teams.');\n// اضغط زر الإنشاء\ncy.get('button#\\\\:rco\\\\:').then($btn => {\n  $btn[0].click();\n});\n// تأكد من التوجيه لصفحة المشاريع (URL أو رسالة نجاح)\ncy.url().should('include', '/dashboard/projects');\ncy.contains(\"Project created successfully\").should('be.visible').or(() => {\n  // ممكن الموقع ما يعرض رسالة لكن ينقل للصفحة بنجاح\n  cy.url().should('include', '/dashboard/projects');\n});",
              "err": {},
              "uuid": "aa7e854e-ee62-4e1c-8bcb-79489459ca39",
              "parentUUID": "c6f78497-26b3-43f1-9f7a-2aecd66fbfca",
              "isHook": false,
              "skipped": true
            },
            {
              "title": "Cancel button should redirect back to Projects list",
              "fullTitle": "User Recruiter and Create Project Tests Cancel button should redirect back to Projects list",
              "timedOut": null,
              "duration": 0,
              "state": "skipped",
              "speed": null,
              "pass": false,
              "fail": false,
              "pending": false,
              "context": null,
              "code": "cy.contains(\"Cancel\").click();\ncy.url().should(\"include\", \"/dashboard/projects\");",
              "err": {},
              "uuid": "78b17e26-8d7c-4b2c-950b-29f541686865",
              "parentUUID": "c6f78497-26b3-43f1-9f7a-2aecd66fbfca",
              "isHook": false,
              "skipped": true
            }
          ],
          "suites": [],
          "passes": [],
          "failures": [
            "7725b734-f5ee-444b-81d6-3098ba2073f9"
          ],
          "pending": [],
          "skipped": [
            "4d849ebc-2861-44a4-93e4-5fadc8741618",
            "aa7e854e-ee62-4e1c-8bcb-79489459ca39",
            "78b17e26-8d7c-4b2c-950b-29f541686865"
          ],
          "duration": 15842,
          "root": false,
          "rootEmpty": false,
          "_timeout": 2000
        }
      ],
      "passes": [],
      "failures": [],
      "pending": [],
      "skipped": [],
      "duration": 0,
      "root": true,
      "rootEmpty": true,
      "_timeout": 2000
    }
  ],
  "meta": {
    "mocha": {
      "version": "7.2.0"
    },
    "mochawesome": {
      "options": {
        "quiet": false,
        "reportFilename": "mochawesome",
        "saveHtml": true,
        "saveJson": true,
        "consoleReporter": "spec",
        "useInlineDiffs": false,
        "code": true
      },
      "version": "7.1.3"
    },
    "marge": {
      "options": {
        "reportDir": "C:/Users/lenovo/OneDrive/Desktop/New folder (2)/report",
        "overwrite": true,
        "html": true,
        "json": true
      },
      "version": "6.2.0"
    }
  }
}